-given nr       test  1, jkenne05 passed
-given nr       test  1, hlin02   passed
-given nr       test  1, esalow01 failed -- We created a LargeInteger with value zero, but your code produced no output.
-given nr       test  1, bkolta01 passed
-given nr       test  1, gong01   passed
-given nr       test  1, nr       passed
-given nr       test  1, bjorda02 passed
-given nr       test  1, kmcneely passed
-given nr       test  1, jtan03   failed -- We created a LargeInteger with value zero, but your code computed "List( 0 )".
-given nr       test  1, rmonde01 passed
-given nr       test  1, ariley03 failed -- We created a LargeInteger with value zero, but your code produced no output.
-given nr       test  1, agallant passed
-given nr       test  1, jpearl05 passed
-given nr       test  1, bsumne01 passed
-given nr       test  1, tsoule01 passed
-given nr       test  1, hnasar01 passed
-given nr       test  1, mrusse03 passed
-given nr       test  1, adreyf01 passed
-given nr       test  1, dwhitn01 passed
-given nr       test  1, sgardn04 passed
-given nr       test  1, jaltre01 passed
-given nr       test  1, nbugas01 passed
-given nr       test  1, mleise01 passed
-given nr       test  2, jkenne05 passed
-given nr       test  2, hlin02   passed
-given nr       test  2, esalow01 failed -- We tried to compute LargeInteger 0 using only 1, 0, and +, but your code produced no output.
-given nr       test  2, bkolta01 passed
-given nr       test  2, gong01   passed
-given nr       test  2, nr       passed
-given nr       test  2, bjorda02 passed
-given nr       test  2, kmcneely passed
-given nr       test  2, jtan03   failed -- We tried to compute LargeInteger 0 using only 1, 0, and +, but your code computed "List( 0 )".
-given nr       test  2, rmonde01 passed
-given nr       test  2, ariley03 failed -- We tried to compute LargeInteger 0 using only 1, 0, and +, but your code produced no output.
-given nr       test  2, agallant passed
-given nr       test  2, jpearl05 passed
-given nr       test  2, bsumne01 passed
-given nr       test  2, tsoule01 passed
-given nr       test  2, hnasar01 passed
-given nr       test  2, mrusse03 passed
-given nr       test  2, adreyf01 passed
-given nr       test  2, dwhitn01 passed
-given nr       test  2, sgardn04 passed
-given nr       test  2, jaltre01 passed
-given nr       test  2, nbugas01 passed
-given nr       test  2, mleise01 passed
